Using pre-set license
Built from '2020.3/staging' branch; Version is '2020.3.6f1 (338bb68529b2) revision 3378102'; Using compiler version '192528614'; Build Type 'Release'
OS: 'Windows 10 Home; OS build 19043.1110; Version 2009; 64bit' Language: 'es' Physical Memory: 16215 MB
BatchMode: 1, IsHumanControllingUs: 0, StartBugReporterOnCrash: 0, Is64bit: 1, IsPro: 0

 COMMAND LINE ARGUMENTS:
C:\Users\Usuario\Desktop\Programacion\Unity\2020.3.6f1\Editor\Unity.exe
-adb2
-batchMode
-noUpm
-name
AssetImportWorker0
-projectPath
C:/Users/Usuario/Desktop/Programacion/Unity/Proyectos/Battle
-logFile
Logs/AssetImportWorker0.log
-srvPort
61768
Successfully changed project path to: C:/Users/Usuario/Desktop/Programacion/Unity/Proyectos/Battle
C:/Users/Usuario/Desktop/Programacion/Unity/Proyectos/Battle
Using Asset Import Pipeline V2.
Refreshing native plugins compatible for Editor in 31.92 ms, found 1 plugins.
Preloading 0 native plugins for Editor in 0.00 ms.
Initialize engine version: 2020.3.6f1 (338bb68529b2)
[Subsystems] Discovering subsystems at path C:/Users/Usuario/Desktop/Programacion/Unity/2020.3.6f1/Editor/Data/Resources/UnitySubsystems
[Subsystems] Discovering subsystems at path C:/Users/Usuario/Desktop/Programacion/Unity/Proyectos/Battle/Assets
GfxDevice: creating device client; threaded=0
Direct3D:
    Version:  Direct3D 11.0 [level 11.1]
    Renderer: NVIDIA GeForce GTX 1650 (ID=0x1f99)
    Vendor:   
    VRAM:     3962 MB
    Driver:   27.21.14.5167
Initialize mono
Mono path[0] = 'C:/Users/Usuario/Desktop/Programacion/Unity/2020.3.6f1/Editor/Data/Managed'
Mono path[1] = 'C:/Users/Usuario/Desktop/Programacion/Unity/2020.3.6f1/Editor/Data/MonoBleedingEdge/lib/mono/unityjit'
Mono config path = 'C:/Users/Usuario/Desktop/Programacion/Unity/2020.3.6f1/Editor/Data/MonoBleedingEdge/etc'
Using monoOptions --debugger-agent=transport=dt_socket,embedding=1,server=y,suspend=n,address=127.0.0.1:56132
Begin MonoManager ReloadAssembly
Registering precompiled unity dll's ...
Register platform support module: C:/Users/Usuario/Desktop/Programacion/Unity/2020.3.6f1/Editor/Data/PlaybackEngines/WebGLSupport/UnityEditor.WebGL.Extensions.dll
Register platform support module: C:/Users/Usuario/Desktop/Programacion/Unity/2020.3.6f1/Editor/Data/PlaybackEngines/WindowsStandaloneSupport/UnityEditor.WindowsStandalone.Extensions.dll
Registered in 0.001868 seconds.
Native extension for WindowsStandalone target not found
Native extension for WebGL target not found
Refreshing native plugins compatible for Editor in 33.64 ms, found 1 plugins.
Preloading 0 native plugins for Editor in 0.00 ms.
Mono: successfully reloaded assembly
- Completed reload, in  1.046 seconds
Platform modules already initialized, skipping
Registering precompiled user dll's ...
Registered in 0.000856 seconds.
Begin MonoManager ReloadAssembly
Native extension for WindowsStandalone target not found
Native extension for WebGL target not found
Refreshing native plugins compatible for Editor in 33.88 ms, found 1 plugins.
Preloading 0 native plugins for Editor in 0.00 ms.
Mono: successfully reloaded assembly
- Completed reload, in  0.866 seconds
Platform modules already initialized, skipping
========================================================================
Worker process is ready to serve import requests
Launched and connected shader compiler UnityShaderCompiler.exe after 0.04 seconds
Refreshing native plugins compatible for Editor in 0.36 ms, found 1 plugins.
Preloading 0 native plugins for Editor in 0.00 ms.
Unloading 1808 Unused Serialized files (Serialized files now loaded: 0)
System memory in use before: 84.9 MB.
System memory in use after: 84.8 MB.

Unloading 24 unused Assets to reduce memory usage. Loaded Objects now: 2250.
Total: 3.242900 ms (FindLiveObjects: 0.261600 ms CreateObjectMapping: 0.130400 ms MarkObjects: 2.664900 ms  DeleteObjects: 0.184700 ms)

========================================================================
Received Import Request.
  path: Assets/Animations/b1.anim
  artifactKey: Guid(a0f3d5ce974ac79458e8d80dad46928d) Importer(815301076,1909f56bfc062723c751e8b465ee728b)
Start importing Assets/Animations/b1.anim using Guid(a0f3d5ce974ac79458e8d80dad46928d) Importer(815301076,1909f56bfc062723c751e8b465ee728b)  -> (artifact id: '47aaa0750cadaf6b002ed360d64811c3') in 0.052466 seconds
  Import took 0.056439 seconds .

========================================================================
Received Import Request.
  Time since last request: 14.656837 seconds.
  path: Assets/Animations/b0.anim
  artifactKey: Guid(2308e27bafca87b41aef359c2c58783c) Importer(815301076,1909f56bfc062723c751e8b465ee728b)
Start importing Assets/Animations/b0.anim using Guid(2308e27bafca87b41aef359c2c58783c) Importer(815301076,1909f56bfc062723c751e8b465ee728b)  -> (artifact id: '77f811f31eb9efbbe96f2d61832fa4f9') in 0.008343 seconds
  Import took 0.012556 seconds .

========================================================================
Received Import Request.
  Time since last request: 85.878323 seconds.
  path: Assets/Animations/b2.anim
  artifactKey: Guid(d7c77ae2291663e4d8f8558bb76f3515) Importer(815301076,1909f56bfc062723c751e8b465ee728b)
Start importing Assets/Animations/b2.anim using Guid(d7c77ae2291663e4d8f8558bb76f3515) Importer(815301076,1909f56bfc062723c751e8b465ee728b)  -> (artifact id: 'a1ea6a99ab8b9839e188fd87328af58a') in 0.009631 seconds
  Import took 0.013574 seconds .

========================================================================
Received Import Request.
  Time since last request: 122.205147 seconds.
  path: Assets/Animations/b-Idle.anim
  artifactKey: Guid(2308e27bafca87b41aef359c2c58783c) Importer(815301076,1909f56bfc062723c751e8b465ee728b)
Start importing Assets/Animations/b-Idle.anim using Guid(2308e27bafca87b41aef359c2c58783c) Importer(815301076,1909f56bfc062723c751e8b465ee728b)  -> (artifact id: '0f555b2ad42467ee269e3bb3e913b5fd') in 0.007532 seconds
  Import took 0.011632 seconds .

========================================================================
Received Import Request.
  Time since last request: 7.034844 seconds.
  path: Assets/Animations/b-w1.anim
  artifactKey: Guid(a0f3d5ce974ac79458e8d80dad46928d) Importer(815301076,1909f56bfc062723c751e8b465ee728b)
Start importing Assets/Animations/b-w1.anim using Guid(a0f3d5ce974ac79458e8d80dad46928d) Importer(815301076,1909f56bfc062723c751e8b465ee728b)  -> (artifact id: 'a4f02b792a2109d8989c65a53ddaed3b') in 0.008288 seconds
  Import took 0.012622 seconds .

========================================================================
Received Import Request.
  Time since last request: 10.713108 seconds.
  path: Assets/Animations/b-sh1.anim
  artifactKey: Guid(d7c77ae2291663e4d8f8558bb76f3515) Importer(815301076,1909f56bfc062723c751e8b465ee728b)
Start importing Assets/Animations/b-sh1.anim using Guid(d7c77ae2291663e4d8f8558bb76f3515) Importer(815301076,1909f56bfc062723c751e8b465ee728b)  -> (artifact id: '39ba3198c82fe289a342980495e09ebf') in 0.008097 seconds
  Import took 0.012335 seconds .

========================================================================
Received Import Request.
  Time since last request: 134.785604 seconds.
  path: Assets/Animations/b-w2.anim
  artifactKey: Guid(ae2baae89f3aee446883384163b408ca) Importer(815301076,1909f56bfc062723c751e8b465ee728b)
Start importing Assets/Animations/b-w2.anim using Guid(ae2baae89f3aee446883384163b408ca) Importer(815301076,1909f56bfc062723c751e8b465ee728b)  -> (artifact id: '6d056c85b6b6ae50c67779a73b47a181') in 0.010168 seconds
  Import took 0.014084 seconds .

========================================================================
Received Import Request.
  Time since last request: 236.078208 seconds.
  path: Assets/Animations/b-idle2.anim
  artifactKey: Guid(76fe2db9295738246bdf4b72f052ed3d) Importer(815301076,1909f56bfc062723c751e8b465ee728b)
Start importing Assets/Animations/b-idle2.anim using Guid(76fe2db9295738246bdf4b72f052ed3d) Importer(815301076,1909f56bfc062723c751e8b465ee728b)  -> (artifact id: '822350b9ed6a81e6ec19ac9cc97b5f12') in 0.009309 seconds
  Import took 0.014303 seconds .

========================================================================
Received Import Request.
  Time since last request: 3.768603 seconds.
  path: Assets/Animations/b-Idle1.anim
  artifactKey: Guid(2308e27bafca87b41aef359c2c58783c) Importer(815301076,1909f56bfc062723c751e8b465ee728b)
Start importing Assets/Animations/b-Idle1.anim using Guid(2308e27bafca87b41aef359c2c58783c) Importer(815301076,1909f56bfc062723c751e8b465ee728b)  -> (artifact id: 'd1f4b1522f3e45407802e8b298a25ddf') in 0.007364 seconds
  Import took 0.011432 seconds .

========================================================================
Received Import Request.
  Time since last request: 119.092382 seconds.
  path: Assets/Animations/b-idle3.anim
  artifactKey: Guid(c1e34174d19e79e409e54ca79da60de2) Importer(815301076,1909f56bfc062723c751e8b465ee728b)
Start importing Assets/Animations/b-idle3.anim using Guid(c1e34174d19e79e409e54ca79da60de2) Importer(815301076,1909f56bfc062723c751e8b465ee728b)  -> (artifact id: '57079bf462f5829d6953f73a52a1ad13') in 0.008577 seconds
  Import took 0.012644 seconds .

========================================================================
Received Import Request.
  Time since last request: 96.023211 seconds.
  path: Assets/Animations/b-w3.anim
  artifactKey: Guid(fb1ff206763b2cd408689248d836dcec) Importer(815301076,1909f56bfc062723c751e8b465ee728b)
Start importing Assets/Animations/b-w3.anim using Guid(fb1ff206763b2cd408689248d836dcec) Importer(815301076,1909f56bfc062723c751e8b465ee728b)  -> (artifact id: 'cd93f999c514c648224e92d15916b86b') in 0.009079 seconds
  Import took 0.012749 seconds .

========================================================================
Received Import Request.
  Time since last request: 191.845782 seconds.
  path: Assets/Animations/b-idle4.anim
  artifactKey: Guid(f16ddec6e09f0d44486b9623afc73c28) Importer(815301076,1909f56bfc062723c751e8b465ee728b)
Start importing Assets/Animations/b-idle4.anim using Guid(f16ddec6e09f0d44486b9623afc73c28) Importer(815301076,1909f56bfc062723c751e8b465ee728b)  -> (artifact id: 'f7427fb1d8e4ad03daec4e3266a7891a') in 0.008814 seconds
  Import took 0.012761 seconds .

========================================================================
Received Import Request.
  Time since last request: 75.874864 seconds.
  path: Assets/Animations/b-w4.anim
  artifactKey: Guid(2b32295ad70f75e4598a1edf4018667a) Importer(815301076,1909f56bfc062723c751e8b465ee728b)
Start importing Assets/Animations/b-w4.anim using Guid(2b32295ad70f75e4598a1edf4018667a) Importer(815301076,1909f56bfc062723c751e8b465ee728b)  -> (artifact id: '3be13e0f133bc2e1ebe47bc96b38e149') in 0.007537 seconds
  Import took 0.011213 seconds .

========================================================================
Received Import Request.
  Time since last request: 130.422343 seconds.
  path: Assets/Animations/b-idle5.anim
  artifactKey: Guid(bb984b0df503e904593ad7981db29f1e) Importer(815301076,1909f56bfc062723c751e8b465ee728b)
Start importing Assets/Animations/b-idle5.anim using Guid(bb984b0df503e904593ad7981db29f1e) Importer(815301076,1909f56bfc062723c751e8b465ee728b)  -> (artifact id: '1bd27533a46329aa9c8f97c1f12f4f09') in 0.009211 seconds
  Import took 0.014109 seconds .

========================================================================
Received Import Request.
  Time since last request: 13.789948 seconds.
  path: Assets/Animations/b-w5.anim
  artifactKey: Guid(ba584cf636b34f24083ff50db683905d) Importer(815301076,1909f56bfc062723c751e8b465ee728b)
Start importing Assets/Animations/b-w5.anim using Guid(ba584cf636b34f24083ff50db683905d) Importer(815301076,1909f56bfc062723c751e8b465ee728b)  -> (artifact id: '2eb913194091c940ad3e4fb2d4a08960') in 0.008104 seconds
  Import took 0.011940 seconds .

========================================================================
Received Import Request.
  Time since last request: 670.409684 seconds.
  path: Assets/Animations/Tilemap.controller
  artifactKey: Guid(92fc496d70c290d40b02129b87134f3c) Importer(815301076,1909f56bfc062723c751e8b465ee728b)
Start importing Assets/Animations/Tilemap.controller using Guid(92fc496d70c290d40b02129b87134f3c) Importer(815301076,1909f56bfc062723c751e8b465ee728b)  -> (artifact id: 'd67e83d72d1137b1ad7010f93788255a') in 0.009942 seconds
  Import took 0.012848 seconds .

========================================================================
Received Import Request.
  Time since last request: 0.669771 seconds.
  path: Assets/Animations/skeleton_0_0.controller
  artifactKey: Guid(fbdaaed8797c7e44b81fc7345ae9e2a0) Importer(815301076,1909f56bfc062723c751e8b465ee728b)
Start importing Assets/Animations/skeleton_0_0.controller using Guid(fbdaaed8797c7e44b81fc7345ae9e2a0) Importer(815301076,1909f56bfc062723c751e8b465ee728b)  -> (artifact id: 'cbe2b8af81a43c21270a6cb976a62d4e') in 0.008339 seconds
  Import took 0.011070 seconds .

========================================================================
Received Import Request.
  Time since last request: 0.785309 seconds.
  path: Assets/Animations/is_0.controller
  artifactKey: Guid(6faf3d7c53e592b4497548c2c187a2a9) Importer(815301076,1909f56bfc062723c751e8b465ee728b)
Start importing Assets/Animations/is_0.controller using Guid(6faf3d7c53e592b4497548c2c187a2a9) Importer(815301076,1909f56bfc062723c751e8b465ee728b)  -> (artifact id: '0a1ff5c063c4303dba131e6736255ea8') in 0.009604 seconds
  Import took 0.012328 seconds .

========================================================================
Received Import Request.
  Time since last request: 10.153296 seconds.
  path: Assets/Animations/is.controller
  artifactKey: Guid(6faf3d7c53e592b4497548c2c187a2a9) Importer(815301076,1909f56bfc062723c751e8b465ee728b)
Start importing Assets/Animations/is.controller using Guid(6faf3d7c53e592b4497548c2c187a2a9) Importer(815301076,1909f56bfc062723c751e8b465ee728b)  -> (artifact id: 'b1532d8c3066d6f5bd640c4b5822e70b') in 0.007365 seconds
  Import took 0.010777 seconds .

========================================================================
Received Import Request.
  Time since last request: 6050.307142 seconds.
  path: Assets
  artifactKey: Guid(00000000000000001000000000000000) Importer(815301076,1909f56bfc062723c751e8b465ee728b)
Start importing Assets using Guid(00000000000000001000000000000000) Importer(815301076,1909f56bfc062723c751e8b465ee728b)  -> (artifact id: '2c602d4445bd9e0e517b9a7c882a2249') in 0.007616 seconds
  Import took 0.011629 seconds .

========================================================================
Received Import Request.
  Time since last request: 9.861190 seconds.
  path: Assets/Scripts
  artifactKey: Guid(b44c5173565b97c4fa9278168c7c5145) Importer(815301076,1909f56bfc062723c751e8b465ee728b)
Start importing Assets/Scripts using Guid(b44c5173565b97c4fa9278168c7c5145) Importer(815301076,1909f56bfc062723c751e8b465ee728b)  -> (artifact id: '7ac54698dd7baa8d3cfa147a764c5663') in 0.007836 seconds
  Import took 0.010719 seconds .

========================================================================
Received Import Request.
  Time since last request: 10.221181 seconds.
  path: Assets/Scripts/PlayerController.cs
  artifactKey: Guid(a9d6e911a0448ee4fbdde80f59b95b45) Importer(815301076,1909f56bfc062723c751e8b465ee728b)
Start importing Assets/Scripts/PlayerController.cs using Guid(a9d6e911a0448ee4fbdde80f59b95b45) Importer(815301076,1909f56bfc062723c751e8b465ee728b)  -> (artifact id: 'f478bb996d47366da40f22b912baf1b4') in 0.014000 seconds
  Import took 0.017763 seconds .

========================================================================
Received Prepare
Registering precompiled user dll's ...
Registered in 0.000897 seconds.
Begin MonoManager ReloadAssembly
Native extension for WindowsStandalone target not found
Native extension for WebGL target not found
Refreshing native plugins compatible for Editor in 0.33 ms, found 1 plugins.
Preloading 0 native plugins for Editor in 0.00 ms.
Mono: successfully reloaded assembly
- Completed reload, in  0.693 seconds
Platform modules already initialized, skipping
Refreshing native plugins compatible for Editor in 0.32 ms, found 1 plugins.
Preloading 0 native plugins for Editor in 0.00 ms.
Unloading 1804 Unused Serialized files (Serialized files now loaded: 0)
System memory in use before: 84.9 MB.
System memory in use after: 84.9 MB.

Unloading 12 unused Assets to reduce memory usage. Loaded Objects now: 2255.
Total: 1.803300 ms (FindLiveObjects: 0.217000 ms CreateObjectMapping: 0.059800 ms MarkObjects: 1.398200 ms  DeleteObjects: 0.127500 ms)

========================================================================
Received Prepare
Registering precompiled user dll's ...
Registered in 0.001324 seconds.
Begin MonoManager ReloadAssembly
Native extension for WindowsStandalone target not found
Native extension for WebGL target not found
Refreshing native plugins compatible for Editor in 0.36 ms, found 1 plugins.
Preloading 0 native plugins for Editor in 0.00 ms.
Mono: successfully reloaded assembly
- Completed reload, in  0.895 seconds
Platform modules already initialized, skipping
Refreshing native plugins compatible for Editor in 0.33 ms, found 1 plugins.
Preloading 0 native plugins for Editor in 0.00 ms.
Unloading 1804 Unused Serialized files (Serialized files now loaded: 0)
System memory in use before: 84.9 MB.
System memory in use after: 84.9 MB.

Unloading 12 unused Assets to reduce memory usage. Loaded Objects now: 2259.
Total: 1.973400 ms (FindLiveObjects: 0.220600 ms CreateObjectMapping: 0.091500 ms MarkObjects: 1.567700 ms  DeleteObjects: 0.092900 ms)

========================================================================
Received Import Request.
  Time since last request: 879.296800 seconds.
  path: Assets/Scripts/PlayerController.cs
  artifactKey: Guid(a9d6e911a0448ee4fbdde80f59b95b45) Importer(815301076,1909f56bfc062723c751e8b465ee728b)
Start importing Assets/Scripts/PlayerController.cs using Guid(a9d6e911a0448ee4fbdde80f59b95b45) Importer(815301076,1909f56bfc062723c751e8b465ee728b)  -> (artifact id: '29a42e80a7c0b49c17245c98fab652c4') in 0.009554 seconds
  Import took 0.012159 seconds .

========================================================================
Received Prepare
Registering precompiled user dll's ...
Registered in 0.001267 seconds.
Begin MonoManager ReloadAssembly
Native extension for WindowsStandalone target not found
Native extension for WebGL target not found
Refreshing native plugins compatible for Editor in 0.33 ms, found 1 plugins.
Preloading 0 native plugins for Editor in 0.00 ms.
Mono: successfully reloaded assembly
- Completed reload, in  0.723 seconds
Platform modules already initialized, skipping
Refreshing native plugins compatible for Editor in 0.57 ms, found 1 plugins.
Preloading 0 native plugins for Editor in 0.00 ms.
Unloading 1804 Unused Serialized files (Serialized files now loaded: 0)
System memory in use before: 84.9 MB.
System memory in use after: 84.9 MB.

Unloading 12 unused Assets to reduce memory usage. Loaded Objects now: 2263.
Total: 1.758400 ms (FindLiveObjects: 0.204100 ms CreateObjectMapping: 0.075000 ms MarkObjects: 1.380800 ms  DeleteObjects: 0.097300 ms)

========================================================================
Received Import Request.
  Time since last request: 506.011709 seconds.
  path: Assets/Animations/b-wr.anim
  artifactKey: Guid(ae2baae89f3aee446883384163b408ca) Importer(815301076,1909f56bfc062723c751e8b465ee728b)
Start importing Assets/Animations/b-wr.anim using Guid(ae2baae89f3aee446883384163b408ca) Importer(815301076,1909f56bfc062723c751e8b465ee728b)  -> (artifact id: 'b5cc6ccde0d259d438a3c84e2e8e030b') in 0.015289 seconds
  Import took 0.019927 seconds .

========================================================================
Received Prepare
Registering precompiled user dll's ...
Registered in 0.000785 seconds.
Begin MonoManager ReloadAssembly
Native extension for WindowsStandalone target not found
Native extension for WebGL target not found
Refreshing native plugins compatible for Editor in 0.33 ms, found 1 plugins.
Preloading 0 native plugins for Editor in 0.00 ms.
Mono: successfully reloaded assembly
- Completed reload, in  0.716 seconds
Platform modules already initialized, skipping
Refreshing native plugins compatible for Editor in 0.33 ms, found 1 plugins.
Preloading 0 native plugins for Editor in 0.00 ms.
Unloading 1804 Unused Serialized files (Serialized files now loaded: 0)
System memory in use before: 84.9 MB.
System memory in use after: 84.9 MB.

Unloading 12 unused Assets to reduce memory usage. Loaded Objects now: 2267.
Total: 2.113700 ms (FindLiveObjects: 0.187900 ms CreateObjectMapping: 0.071100 ms MarkObjects: 1.757900 ms  DeleteObjects: 0.095700 ms)

========================================================================
Received Prepare
Registering precompiled user dll's ...
Registered in 0.000779 seconds.
Begin MonoManager ReloadAssembly
Native extension for WindowsStandalone target not found
Native extension for WebGL target not found
Refreshing native plugins compatible for Editor in 0.33 ms, found 1 plugins.
Preloading 0 native plugins for Editor in 0.00 ms.
Mono: successfully reloaded assembly
- Completed reload, in  0.709 seconds
Platform modules already initialized, skipping
Refreshing native plugins compatible for Editor in 0.32 ms, found 1 plugins.
Preloading 0 native plugins for Editor in 0.00 ms.
Unloading 1804 Unused Serialized files (Serialized files now loaded: 0)
System memory in use before: 84.9 MB.
System memory in use after: 84.9 MB.

Unloading 12 unused Assets to reduce memory usage. Loaded Objects now: 2271.
Total: 1.992600 ms (FindLiveObjects: 0.300900 ms CreateObjectMapping: 0.131800 ms MarkObjects: 1.461200 ms  DeleteObjects: 0.097600 ms)

========================================================================
Received Prepare
Registering precompiled user dll's ...
Registered in 0.000778 seconds.
Begin MonoManager ReloadAssembly
Native extension for WindowsStandalone target not found
Native extension for WebGL target not found
Refreshing native plugins compatible for Editor in 0.33 ms, found 1 plugins.
Preloading 0 native plugins for Editor in 0.00 ms.
Mono: successfully reloaded assembly
- Completed reload, in  0.693 seconds
Platform modules already initialized, skipping
Refreshing native plugins compatible for Editor in 0.33 ms, found 1 plugins.
Preloading 0 native plugins for Editor in 0.00 ms.
Unloading 1804 Unused Serialized files (Serialized files now loaded: 0)
System memory in use before: 85.0 MB.
System memory in use after: 84.9 MB.

Unloading 12 unused Assets to reduce memory usage. Loaded Objects now: 2275.
Total: 1.723500 ms (FindLiveObjects: 0.191800 ms CreateObjectMapping: 0.068100 ms MarkObjects: 1.370100 ms  DeleteObjects: 0.092000 ms)

========================================================================
Received Prepare
Registering precompiled user dll's ...
Registered in 0.000969 seconds.
Begin MonoManager ReloadAssembly
Native extension for WindowsStandalone target not found
Native extension for WebGL target not found
Refreshing native plugins compatible for Editor in 0.33 ms, found 1 plugins.
Preloading 0 native plugins for Editor in 0.00 ms.
Mono: successfully reloaded assembly
- Completed reload, in  0.731 seconds
Platform modules already initialized, skipping
Refreshing native plugins compatible for Editor in 0.58 ms, found 1 plugins.
Preloading 0 native plugins for Editor in 0.00 ms.
Unloading 1804 Unused Serialized files (Serialized files now loaded: 0)
System memory in use before: 85.0 MB.
System memory in use after: 84.9 MB.

Unloading 12 unused Assets to reduce memory usage. Loaded Objects now: 2279.
Total: 1.730500 ms (FindLiveObjects: 0.197900 ms CreateObjectMapping: 0.073800 ms MarkObjects: 1.365100 ms  DeleteObjects: 0.092800 ms)

========================================================================
Received Prepare
Registering precompiled user dll's ...
Registered in 0.000766 seconds.
Begin MonoManager ReloadAssembly
Native extension for WindowsStandalone target not found
Native extension for WebGL target not found
Refreshing native plugins compatible for Editor in 0.33 ms, found 1 plugins.
Preloading 0 native plugins for Editor in 0.00 ms.
Mono: successfully reloaded assembly
- Completed reload, in  0.722 seconds
Platform modules already initialized, skipping
Refreshing native plugins compatible for Editor in 0.33 ms, found 1 plugins.
Preloading 0 native plugins for Editor in 0.00 ms.
Unloading 1804 Unused Serialized files (Serialized files now loaded: 0)
System memory in use before: 85.0 MB.
System memory in use after: 84.9 MB.

Unloading 12 unused Assets to reduce memory usage. Loaded Objects now: 2283.
Total: 1.810100 ms (FindLiveObjects: 0.168500 ms CreateObjectMapping: 0.058400 ms MarkObjects: 1.485800 ms  DeleteObjects: 0.096500 ms)

========================================================================
Received Prepare
Registering precompiled user dll's ...
Registered in 0.000747 seconds.
Begin MonoManager ReloadAssembly
Native extension for WindowsStandalone target not found
Native extension for WebGL target not found
Refreshing native plugins compatible for Editor in 0.31 ms, found 1 plugins.
Preloading 0 native plugins for Editor in 0.00 ms.
Mono: successfully reloaded assembly
- Completed reload, in  0.741 seconds
Platform modules already initialized, skipping
Refreshing native plugins compatible for Editor in 0.33 ms, found 1 plugins.
Preloading 0 native plugins for Editor in 0.00 ms.
Unloading 1804 Unused Serialized files (Serialized files now loaded: 0)
System memory in use before: 85.0 MB.
System memory in use after: 85.0 MB.

Unloading 12 unused Assets to reduce memory usage. Loaded Objects now: 2287.
Total: 1.863300 ms (FindLiveObjects: 0.237800 ms CreateObjectMapping: 0.090300 ms MarkObjects: 1.416500 ms  DeleteObjects: 0.117600 ms)

========================================================================
Received Prepare
Registering precompiled user dll's ...
Registered in 0.001175 seconds.
Begin MonoManager ReloadAssembly
Native extension for WindowsStandalone target not found
Native extension for WebGL target not found
Refreshing native plugins compatible for Editor in 0.57 ms, found 1 plugins.
Preloading 0 native plugins for Editor in 0.00 ms.
Mono: successfully reloaded assembly
- Completed reload, in  0.813 seconds
Platform modules already initialized, skipping
Refreshing native plugins compatible for Editor in 0.33 ms, found 1 plugins.
Preloading 0 native plugins for Editor in 0.00 ms.
Unloading 1804 Unused Serialized files (Serialized files now loaded: 0)
System memory in use before: 85.0 MB.
System memory in use after: 85.0 MB.

Unloading 12 unused Assets to reduce memory usage. Loaded Objects now: 2291.
Total: 2.156000 ms (FindLiveObjects: 0.197200 ms CreateObjectMapping: 0.077800 ms MarkObjects: 1.763300 ms  DeleteObjects: 0.115600 ms)

========================================================================
Received Prepare
Registering precompiled user dll's ...
Registered in 0.001073 seconds.
Begin MonoManager ReloadAssembly
Native extension for WindowsStandalone target not found
Native extension for WebGL target not found
Refreshing native plugins compatible for Editor in 0.34 ms, found 1 plugins.
Preloading 0 native plugins for Editor in 0.00 ms.
Mono: successfully reloaded assembly
- Completed reload, in  0.701 seconds
Platform modules already initialized, skipping
Refreshing native plugins compatible for Editor in 0.33 ms, found 1 plugins.
Preloading 0 native plugins for Editor in 0.00 ms.
Unloading 1804 Unused Serialized files (Serialized files now loaded: 0)
System memory in use before: 85.0 MB.
System memory in use after: 85.0 MB.

Unloading 12 unused Assets to reduce memory usage. Loaded Objects now: 2295.
Total: 1.933200 ms (FindLiveObjects: 0.295800 ms CreateObjectMapping: 0.126800 ms MarkObjects: 1.410200 ms  DeleteObjects: 0.099500 ms)

AssetImportWorkerClient::OnTransportError - code=2 error=End of file
